[restartedMain] INFO  c.b.s.SpringBootRestDataBmsMavenApplication - Starting SpringBootRestDataBmsMavenApplication using Java 14.0.2 on DESKTOP-QN882RI with PID 37392 (D:\Poongs\eclipse-workspace\1stAug-workspace\spring-boot-rest-data-bms-maven.zip_expanded\spring-boot-rest-data-bms-maven\target\classes started by Poongs in D:\Poongs\eclipse-workspace\1stAug-workspace\spring-boot-rest-data-bms-maven.zip_expanded\spring-boot-rest-data-bms-maven)
[restartedMain] INFO  c.b.s.SpringBootRestDataBmsMavenApplication - No active profile set, falling back to 1 default profile: "default"
[restartedMain] INFO  c.b.s.SpringBootRestDataBmsMavenApplication - Started SpringBootRestDataBmsMavenApplication in 16.602 seconds (JVM running for 21.597)
[http-nio-5555-exec-1] INFO  c.b.s.aop.LoggingAspect - Entered getAllBooks of BookController
[http-nio-5555-exec-1] INFO  c.b.s.aop.LoggingAspect - Entered getAllBooks of BookServiceImpl
[http-nio-5555-exec-1] INFO  c.b.s.aop.LoggingAspect - Execution time of BookServiceImpl.getAllBooks :: 517 ms
[http-nio-5555-exec-1] INFO  c.b.s.aop.LoggingAspect - Exited getAllBooks of BookServiceImpl
[http-nio-5555-exec-1] INFO  c.b.s.aop.LoggingAspect - Execution time of BookController.getAllBooks :: 588 ms
[http-nio-5555-exec-1] INFO  c.b.s.aop.LoggingAspect - Exited getAllBooks of BookController
[http-nio-5555-exec-3] INFO  c.b.s.aop.LoggingAspect - Entered getAllBooks of BookController
[http-nio-5555-exec-3] INFO  c.b.s.aop.LoggingAspect - Entered getAllBooks of BookServiceImpl
[http-nio-5555-exec-3] INFO  c.b.s.aop.LoggingAspect - Execution time of BookServiceImpl.getAllBooks :: 13 ms
[http-nio-5555-exec-3] INFO  c.b.s.aop.LoggingAspect - Exited getAllBooks of BookServiceImpl
[http-nio-5555-exec-3] INFO  c.b.s.aop.LoggingAspect - Execution time of BookController.getAllBooks :: 15 ms
[http-nio-5555-exec-3] INFO  c.b.s.aop.LoggingAspect - Exited getAllBooks of BookController
[http-nio-5555-exec-5] INFO  c.b.s.aop.LoggingAspect - Entered getAllBooks of BookController
[http-nio-5555-exec-5] INFO  c.b.s.aop.LoggingAspect - Entered getAllBooks of BookServiceImpl
[http-nio-5555-exec-5] INFO  c.b.s.aop.LoggingAspect - Execution time of BookServiceImpl.getAllBooks :: 143 ms
[http-nio-5555-exec-5] INFO  c.b.s.aop.LoggingAspect - Exited getAllBooks of BookServiceImpl
[http-nio-5555-exec-5] INFO  c.b.s.aop.LoggingAspect - Execution time of BookController.getAllBooks :: 147 ms
[http-nio-5555-exec-5] INFO  c.b.s.aop.LoggingAspect - Exited getAllBooks of BookController
